<?xml version="1.0" encoding="UTF-8"?>
<coverage generated="1778540202">
  <project timestamp="1778540202">
    <file name="/shared/httpd/Karkinos-Gateway/htdocs/wp-content/mu-plugins/karkinos-gateway/src/Dispatch/Dispatch_Job.php">
      <class name="Karkinos\Gateway\Dispatch\Dispatch_Job" namespace="global">
        <metrics complexity="3" methods="2" coveredmethods="2" conditionals="0" coveredconditionals="0" statements="16" coveredstatements="16" elements="18" coveredelements="18"/>
      </class>
      <line num="41" type="method" name="__construct" visibility="public" complexity="1" crap="1" count="9"/>
      <line num="55" type="stmt" count="9"/>
      <line num="65" type="method" name="from_row" visibility="public" complexity="2" crap="2" count="9"/>
      <line num="66" type="stmt" count="9"/>
      <line num="67" type="stmt" count="9"/>
      <line num="68" type="stmt" count="9"/>
      <line num="69" type="stmt" count="9"/>
      <line num="70" type="stmt" count="9"/>
      <line num="71" type="stmt" count="9"/>
      <line num="72" type="stmt" count="9"/>
      <line num="73" type="stmt" count="9"/>
      <line num="74" type="stmt" count="9"/>
      <line num="75" type="stmt" count="9"/>
      <line num="76" type="stmt" count="9"/>
      <line num="77" type="stmt" count="9"/>
      <line num="78" type="stmt" count="9"/>
      <line num="79" type="stmt" count="9"/>
      <line num="80" type="stmt" count="9"/>
      <metrics loc="83" ncloc="59" classes="1" methods="2" coveredmethods="2" conditionals="0" coveredconditionals="0" statements="16" coveredstatements="16" elements="18" coveredelements="18"/>
    </file>
    <file name="/shared/httpd/Karkinos-Gateway/htdocs/wp-content/mu-plugins/karkinos-gateway/src/Dispatch/Dispatch_Queue.php">
      <class name="Karkinos\Gateway\Dispatch\Dispatch_Queue" namespace="global">
        <metrics complexity="17" methods="9" coveredmethods="8" conditionals="0" coveredconditionals="0" statements="100" coveredstatements="99" elements="109" coveredelements="107"/>
      </class>
      <line num="40" type="method" name="table" visibility="private" complexity="1" crap="1" count="11"/>
      <line num="41" type="stmt" count="11"/>
      <line num="63" type="method" name="enqueue" visibility="public" complexity="2" crap="2" count="9"/>
      <line num="64" type="stmt" count="9"/>
      <line num="66" type="stmt" count="9"/>
      <line num="67" type="stmt" count="9"/>
      <line num="68" type="stmt" count="9"/>
      <line num="69" type="stmt" count="9"/>
      <line num="70" type="stmt" count="9"/>
      <line num="71" type="stmt" count="9"/>
      <line num="72" type="stmt" count="9"/>
      <line num="73" type="stmt" count="9"/>
      <line num="74" type="stmt" count="9"/>
      <line num="75" type="stmt" count="9"/>
      <line num="76" type="stmt" count="9"/>
      <line num="77" type="stmt" count="9"/>
      <line num="78" type="stmt" count="9"/>
      <line num="80" type="stmt" count="9"/>
      <line num="81" type="stmt" count="9"/>
      <line num="82" type="stmt" count="9"/>
      <line num="83" type="stmt" count="9"/>
      <line num="84" type="stmt" count="9"/>
      <line num="86" type="stmt" count="9"/>
      <line num="98" type="method" name="claim_next" visibility="public" complexity="4" crap="4" count="8"/>
      <line num="99" type="stmt" count="8"/>
      <line num="100" type="stmt" count="1"/>
      <line num="103" type="stmt" count="8"/>
      <line num="106" type="stmt" count="8"/>
      <line num="107" type="stmt" count="8"/>
      <line num="108" type="stmt" count="8"/>
      <line num="109" type="stmt" count="8"/>
      <line num="110" type="stmt" count="8"/>
      <line num="111" type="stmt" count="8"/>
      <line num="112" type="stmt" count="8"/>
      <line num="114" type="stmt" count="8"/>
      <line num="115" type="stmt" count="1"/>
      <line num="119" type="stmt" count="7"/>
      <line num="120" type="stmt" count="7"/>
      <line num="121" type="stmt" count="7"/>
      <line num="122" type="stmt" count="7"/>
      <line num="123" type="stmt" count="7"/>
      <line num="124" type="stmt" count="7"/>
      <line num="125" type="stmt" count="7"/>
      <line num="126" type="stmt" count="7"/>
      <line num="127" type="stmt" count="7"/>
      <line num="129" type="stmt" count="7"/>
      <line num="130" type="stmt" count="0"/>
      <line num="133" type="stmt" count="7"/>
      <line num="143" type="method" name="find" visibility="public" complexity="2" crap="2" count="10"/>
      <line num="144" type="stmt" count="10"/>
      <line num="145" type="stmt" count="10"/>
      <line num="146" type="stmt" count="10"/>
      <line num="147" type="stmt" count="10"/>
      <line num="148" type="stmt" count="10"/>
      <line num="149" type="stmt" count="10"/>
      <line num="165" type="method" name="mark_done" visibility="public" complexity="1" crap="1" count="3"/>
      <line num="166" type="stmt" count="3"/>
      <line num="167" type="stmt" count="3"/>
      <line num="168" type="stmt" count="3"/>
      <line num="169" type="stmt" count="3"/>
      <line num="170" type="stmt" count="3"/>
      <line num="171" type="stmt" count="3"/>
      <line num="172" type="stmt" count="3"/>
      <line num="173" type="stmt" count="3"/>
      <line num="174" type="stmt" count="3"/>
      <line num="175" type="stmt" count="3"/>
      <line num="176" type="stmt" count="3"/>
      <line num="177" type="stmt" count="3"/>
      <line num="178" type="stmt" count="3"/>
      <line num="179" type="stmt" count="3"/>
      <line num="195" type="method" name="mark_failed" visibility="public" complexity="1" crap="1" count="1"/>
      <line num="196" type="stmt" count="1"/>
      <line num="197" type="stmt" count="1"/>
      <line num="198" type="stmt" count="1"/>
      <line num="199" type="stmt" count="1"/>
      <line num="200" type="stmt" count="1"/>
      <line num="201" type="stmt" count="1"/>
      <line num="202" type="stmt" count="1"/>
      <line num="203" type="stmt" count="1"/>
      <line num="204" type="stmt" count="1"/>
      <line num="205" type="stmt" count="1"/>
      <line num="206" type="stmt" count="1"/>
      <line num="207" type="stmt" count="1"/>
      <line num="208" type="stmt" count="1"/>
      <line num="209" type="stmt" count="1"/>
      <line num="224" type="method" name="bump" visibility="public" complexity="2" crap="2" count="2"/>
      <line num="225" type="stmt" count="2"/>
      <line num="226" type="stmt" count="2"/>
      <line num="227" type="stmt" count="2"/>
      <line num="228" type="stmt" count="2"/>
      <line num="229" type="stmt" count="2"/>
      <line num="230" type="stmt" count="2"/>
      <line num="231" type="stmt" count="2"/>
      <line num="232" type="stmt" count="2"/>
      <line num="233" type="stmt" count="2"/>
      <line num="234" type="stmt" count="2"/>
      <line num="235" type="stmt" count="2"/>
      <line num="236" type="stmt" count="2"/>
      <line num="247" type="method" name="in_flight_count" visibility="private" complexity="1" crap="1" count="8"/>
      <line num="248" type="stmt" count="8"/>
      <line num="249" type="stmt" count="8"/>
      <line num="250" type="stmt" count="8"/>
      <line num="251" type="stmt" count="8"/>
      <line num="252" type="stmt" count="8"/>
      <line num="253" type="stmt" count="8"/>
      <line num="254" type="stmt" count="8"/>
      <line num="255" type="stmt" count="8"/>
      <line num="268" type="method" name="truncate" visibility="private" complexity="2" crap="2" count="4"/>
      <line num="269" type="stmt" count="4"/>
      <metrics loc="272" ncloc="153" classes="1" methods="9" coveredmethods="8" conditionals="0" coveredconditionals="0" statements="100" coveredstatements="99" elements="109" coveredelements="107"/>
    </file>
    <file name="/shared/httpd/Karkinos-Gateway/htdocs/wp-content/mu-plugins/karkinos-gateway/src/Dispatch/Migrations_Runner.php">
      <class name="Karkinos\Gateway\Dispatch\Migrations_Runner" namespace="global">
        <metrics complexity="3" methods="2" coveredmethods="0" conditionals="0" coveredconditionals="0" statements="4" coveredstatements="0" elements="6" coveredelements="0"/>
      </class>
      <line num="43" type="method" name="register" visibility="public" complexity="1" crap="2" count="0"/>
      <line num="44" type="stmt" count="0"/>
      <line num="56" type="method" name="run" visibility="public" complexity="1" crap="2" count="0"/>
      <line num="57" type="stmt" count="0"/>
      <line num="58" type="stmt" count="0"/>
      <line num="59" type="stmt" count="0"/>
      <metrics loc="62" ncloc="28" classes="1" methods="2" coveredmethods="0" conditionals="0" coveredconditionals="0" statements="4" coveredstatements="0" elements="6" coveredelements="0"/>
    </file>
    <file name="/shared/httpd/Karkinos-Gateway/htdocs/wp-content/mu-plugins/karkinos-gateway/src/Logging/Webhook_Logger.php">
      <class name="Karkinos\Gateway\Logging\Webhook_Logger" namespace="global">
        <metrics complexity="15" methods="5" coveredmethods="2" conditionals="0" coveredconditionals="0" statements="31" coveredstatements="27" elements="36" coveredelements="29"/>
      </class>
      <line num="48" type="method" name="log" visibility="public" complexity="2" crap="2.03" count="12"/>
      <line num="49" type="stmt" count="12"/>
      <line num="50" type="stmt" count="12"/>
      <line num="52" type="stmt" count="12"/>
      <line num="53" type="stmt" count="0"/>
      <line num="57" type="stmt" count="12"/>
      <line num="65" type="method" name="log_dir" visibility="private" complexity="1" crap="1" count="12"/>
      <line num="66" type="stmt" count="12"/>
      <line num="74" type="method" name="option_name" visibility="private" complexity="1" crap="1" count="12"/>
      <line num="75" type="stmt" count="12"/>
      <line num="84" type="method" name="ensure_log_dir" visibility="private" complexity="5" crap="5.07" count="12"/>
      <line num="85" type="stmt" count="12"/>
      <line num="87" type="stmt" count="12"/>
      <line num="88" type="stmt" count="2"/>
      <line num="91" type="stmt" count="12"/>
      <line num="92" type="stmt" count="12"/>
      <line num="93" type="stmt" count="0"/>
      <line num="95" type="stmt" count="12"/>
      <line num="97" type="stmt" count="12"/>
      <line num="98" type="stmt" count="0"/>
      <line num="101" type="stmt" count="12"/>
      <line num="103" type="stmt" count="12"/>
      <line num="104" type="stmt" count="12"/>
      <line num="105" type="stmt" count="12"/>
      <line num="108" type="stmt" count="12"/>
      <line num="118" type="method" name="log_file_for_today" visibility="private" complexity="5" crap="5.03" count="12"/>
      <line num="119" type="stmt" count="12"/>
      <line num="120" type="stmt" count="12"/>
      <line num="121" type="stmt" count="12"/>
      <line num="123" type="stmt" count="12"/>
      <line num="124" type="stmt" count="0"/>
      <line num="127" type="stmt" count="12"/>
      <line num="128" type="stmt" count="12"/>
      <line num="129" type="stmt" count="12"/>
      <line num="130" type="stmt" count="12"/>
      <line num="133" type="stmt" count="12"/>
      <metrics loc="136" ncloc="82" classes="1" methods="5" coveredmethods="2" conditionals="0" coveredconditionals="0" statements="31" coveredstatements="27" elements="36" coveredelements="29"/>
    </file>
    <file name="/shared/httpd/Karkinos-Gateway/htdocs/wp-content/mu-plugins/karkinos-gateway/src/Migration/Create_Dispatch_Jobs_Table.php">
      <class name="Karkinos\Gateway\Migration\Create_Dispatch_Jobs_Table" namespace="global">
        <metrics complexity="3" methods="3" coveredmethods="0" conditionals="0" coveredconditionals="0" statements="33" coveredstatements="0" elements="36" coveredelements="0"/>
      </class>
      <line num="34" type="method" name="__construct" visibility="public" complexity="1" crap="2" count="0"/>
      <line num="35" type="stmt" count="0"/>
      <line num="43" type="method" name="table_name" visibility="protected" complexity="1" crap="2" count="0"/>
      <line num="44" type="stmt" count="0"/>
      <line num="56" type="method" name="schema" visibility="public" complexity="1" crap="2" count="0"/>
      <line num="57" type="stmt" count="0"/>
      <line num="58" type="stmt" count="0"/>
      <line num="59" type="stmt" count="0"/>
      <line num="61" type="stmt" count="0"/>
      <line num="62" type="stmt" count="0"/>
      <line num="63" type="stmt" count="0"/>
      <line num="65" type="stmt" count="0"/>
      <line num="66" type="stmt" count="0"/>
      <line num="67" type="stmt" count="0"/>
      <line num="69" type="stmt" count="0"/>
      <line num="70" type="stmt" count="0"/>
      <line num="71" type="stmt" count="0"/>
      <line num="73" type="stmt" count="0"/>
      <line num="74" type="stmt" count="0"/>
      <line num="75" type="stmt" count="0"/>
      <line num="77" type="stmt" count="0"/>
      <line num="78" type="stmt" count="0"/>
      <line num="79" type="stmt" count="0"/>
      <line num="81" type="stmt" count="0"/>
      <line num="82" type="stmt" count="0"/>
      <line num="84" type="stmt" count="0"/>
      <line num="85" type="stmt" count="0"/>
      <line num="87" type="stmt" count="0"/>
      <line num="88" type="stmt" count="0"/>
      <line num="89" type="stmt" count="0"/>
      <line num="91" type="stmt" count="0"/>
      <line num="92" type="stmt" count="0"/>
      <line num="94" type="stmt" count="0"/>
      <line num="97" type="stmt" count="0"/>
      <line num="98" type="stmt" count="0"/>
      <line num="99" type="stmt" count="0"/>
      <metrics loc="102" ncloc="68" classes="1" methods="3" coveredmethods="0" conditionals="0" coveredconditionals="0" statements="33" coveredstatements="0" elements="36" coveredelements="0"/>
    </file>
    <file name="/shared/httpd/Karkinos-Gateway/htdocs/wp-content/mu-plugins/karkinos-gateway/src/PostType/AI_Log.php">
      <class name="Karkinos\Gateway\PostType\AI_Log" namespace="global">
        <metrics complexity="1" methods="1" coveredmethods="0" conditionals="0" coveredconditionals="0" statements="3" coveredstatements="0" elements="4" coveredelements="0"/>
      </class>
      <line num="45" type="method" name="__construct" visibility="public" complexity="1" crap="2" count="0"/>
      <line num="46" type="stmt" count="0"/>
      <line num="47" type="stmt" count="0"/>
      <line num="48" type="stmt" count="0"/>
      <metrics loc="51" ncloc="32" classes="1" methods="1" coveredmethods="0" conditionals="0" coveredconditionals="0" statements="3" coveredstatements="0" elements="4" coveredelements="0"/>
    </file>
    <file name="/shared/httpd/Karkinos-Gateway/htdocs/wp-content/mu-plugins/karkinos-gateway/src/PostType/Dev_Asset.php">
      <class name="Karkinos\Gateway\PostType\Dev_Asset" namespace="global">
        <metrics complexity="2" methods="2" coveredmethods="0" conditionals="0" coveredconditionals="0" statements="48" coveredstatements="0" elements="50" coveredelements="0"/>
      </class>
      <line num="63" type="method" name="__construct" visibility="public" complexity="1" crap="2" count="0"/>
      <line num="64" type="stmt" count="0"/>
      <line num="65" type="stmt" count="0"/>
      <line num="66" type="stmt" count="0"/>
      <line num="76" type="method" name="meta_data" visibility="public" complexity="1" crap="2" count="0"/>
      <line num="77" type="stmt" count="0"/>
      <line num="78" type="stmt" count="0"/>
      <line num="79" type="stmt" count="0"/>
      <line num="80" type="stmt" count="0"/>
      <line num="82" type="stmt" count="0"/>
      <line num="83" type="stmt" count="0"/>
      <line num="84" type="stmt" count="0"/>
      <line num="85" type="stmt" count="0"/>
      <line num="86" type="stmt" count="0"/>
      <line num="87" type="stmt" count="0"/>
      <line num="88" type="stmt" count="0"/>
      <line num="89" type="stmt" count="0"/>
      <line num="90" type="stmt" count="0"/>
      <line num="91" type="stmt" count="0"/>
      <line num="92" type="stmt" count="0"/>
      <line num="93" type="stmt" count="0"/>
      <line num="94" type="stmt" count="0"/>
      <line num="96" type="stmt" count="0"/>
      <line num="97" type="stmt" count="0"/>
      <line num="98" type="stmt" count="0"/>
      <line num="99" type="stmt" count="0"/>
      <line num="100" type="stmt" count="0"/>
      <line num="101" type="stmt" count="0"/>
      <line num="102" type="stmt" count="0"/>
      <line num="103" type="stmt" count="0"/>
      <line num="104" type="stmt" count="0"/>
      <line num="105" type="stmt" count="0"/>
      <line num="106" type="stmt" count="0"/>
      <line num="107" type="stmt" count="0"/>
      <line num="108" type="stmt" count="0"/>
      <line num="110" type="stmt" count="0"/>
      <line num="111" type="stmt" count="0"/>
      <line num="112" type="stmt" count="0"/>
      <line num="113" type="stmt" count="0"/>
      <line num="114" type="stmt" count="0"/>
      <line num="115" type="stmt" count="0"/>
      <line num="116" type="stmt" count="0"/>
      <line num="117" type="stmt" count="0"/>
      <line num="118" type="stmt" count="0"/>
      <line num="119" type="stmt" count="0"/>
      <line num="120" type="stmt" count="0"/>
      <line num="121" type="stmt" count="0"/>
      <line num="122" type="stmt" count="0"/>
      <line num="123" type="stmt" count="0"/>
      <line num="124" type="stmt" count="0"/>
      <metrics loc="127" ncloc="93" classes="1" methods="2" coveredmethods="0" conditionals="0" coveredconditionals="0" statements="48" coveredstatements="0" elements="50" coveredelements="0"/>
    </file>
    <file name="/shared/httpd/Karkinos-Gateway/htdocs/wp-content/mu-plugins/karkinos-gateway/src/Rest/Ingest_Routes.php">
      <class name="Karkinos\Gateway\Rest\Ingest_Routes" namespace="global">
        <metrics complexity="24" methods="6" coveredmethods="2" conditionals="0" coveredconditionals="0" statements="111" coveredstatements="79" elements="117" coveredelements="81"/>
      </class>
      <line num="48" type="method" name="define_routes" visibility="protected" complexity="1" crap="2" count="0"/>
      <line num="49" type="stmt" count="0"/>
      <line num="50" type="stmt" count="0"/>
      <line num="51" type="stmt" count="0"/>
      <line num="52" type="stmt" count="0"/>
      <line num="53" type="stmt" count="0"/>
      <line num="54" type="stmt" count="0"/>
      <line num="55" type="stmt" count="0"/>
      <line num="57" type="stmt" count="0"/>
      <line num="58" type="stmt" count="0"/>
      <line num="59" type="stmt" count="0"/>
      <line num="60" type="stmt" count="0"/>
      <line num="61" type="stmt" count="0"/>
      <line num="62" type="stmt" count="0"/>
      <line num="63" type="stmt" count="0"/>
      <line num="64" type="stmt" count="0"/>
      <line num="65" type="stmt" count="0"/>
      <line num="66" type="stmt" count="0"/>
      <line num="67" type="stmt" count="0"/>
      <line num="68" type="stmt" count="0"/>
      <line num="69" type="stmt" count="0"/>
      <line num="79" type="method" name="check_auth" visibility="public" complexity="1" crap="1" count="7"/>
      <line num="80" type="stmt" count="7"/>
      <line num="92" type="method" name="create_ai_log" visibility="public" complexity="5" crap="5" count="3"/>
      <line num="93" type="stmt" count="3"/>
      <line num="94" type="stmt" count="3"/>
      <line num="95" type="stmt" count="3"/>
      <line num="96" type="stmt" count="3"/>
      <line num="97" type="stmt" count="3"/>
      <line num="98" type="stmt" count="3"/>
      <line num="99" type="stmt" count="3"/>
      <line num="100" type="stmt" count="3"/>
      <line num="101" type="stmt" count="3"/>
      <line num="103" type="stmt" count="3"/>
      <line num="104" type="stmt" count="0"/>
      <line num="107" type="stmt" count="3"/>
      <line num="108" type="stmt" count="3"/>
      <line num="109" type="stmt" count="1"/>
      <line num="110" type="stmt" count="2"/>
      <line num="112" type="stmt" count="3"/>
      <line num="113" type="stmt" count="3"/>
      <line num="114" type="stmt" count="1"/>
      <line num="115" type="stmt" count="2"/>
      <line num="117" type="stmt" count="3"/>
      <line num="118" type="stmt" count="3"/>
      <line num="119" type="stmt" count="3"/>
      <line num="120" type="stmt" count="3"/>
      <line num="121" type="stmt" count="3"/>
      <line num="122" type="stmt" count="3"/>
      <line num="123" type="stmt" count="3"/>
      <line num="135" type="method" name="create_dev_asset" visibility="public" complexity="8" crap="8.25" count="3"/>
      <line num="136" type="stmt" count="3"/>
      <line num="137" type="stmt" count="3"/>
      <line num="138" type="stmt" count="3"/>
      <line num="139" type="stmt" count="3"/>
      <line num="140" type="stmt" count="3"/>
      <line num="141" type="stmt" count="3"/>
      <line num="142" type="stmt" count="3"/>
      <line num="143" type="stmt" count="3"/>
      <line num="144" type="stmt" count="3"/>
      <line num="146" type="stmt" count="3"/>
      <line num="147" type="stmt" count="0"/>
      <line num="150" type="stmt" count="3"/>
      <line num="151" type="stmt" count="3"/>
      <line num="153" type="stmt" count="3"/>
      <line num="154" type="stmt" count="3"/>
      <line num="155" type="stmt" count="1"/>
      <line num="156" type="stmt" count="1"/>
      <line num="157" type="stmt" count="1"/>
      <line num="158" type="stmt" count="1"/>
      <line num="159" type="stmt" count="1"/>
      <line num="162" type="stmt" count="3"/>
      <line num="163" type="stmt" count="3"/>
      <line num="164" type="stmt" count="0"/>
      <line num="165" type="stmt" count="0"/>
      <line num="166" type="stmt" count="0"/>
      <line num="167" type="stmt" count="0"/>
      <line num="168" type="stmt" count="0"/>
      <line num="171" type="stmt" count="3"/>
      <line num="172" type="stmt" count="3"/>
      <line num="173" type="stmt" count="1"/>
      <line num="174" type="stmt" count="2"/>
      <line num="176" type="stmt" count="3"/>
      <line num="177" type="stmt" count="3"/>
      <line num="178" type="stmt" count="3"/>
      <line num="179" type="stmt" count="3"/>
      <line num="180" type="stmt" count="3"/>
      <line num="181" type="stmt" count="3"/>
      <line num="182" type="stmt" count="3"/>
      <line num="195" type="method" name="assign_terms" visibility="private" complexity="7" crap="8.05" count="3"/>
      <line num="196" type="stmt" count="3"/>
      <line num="197" type="stmt" count="3"/>
      <line num="199" type="stmt" count="3"/>
      <line num="200" type="stmt" count="3"/>
      <line num="201" type="stmt" count="0"/>
      <line num="204" type="stmt" count="3"/>
      <line num="205" type="stmt" count="3"/>
      <line num="206" type="stmt" count="0"/>
      <line num="207" type="stmt" count="0"/>
      <line num="208" type="stmt" count="0"/>
      <line num="211" type="stmt" count="3"/>
      <line num="212" type="stmt" count="3"/>
      <line num="213" type="stmt" count="0"/>
      <line num="216" type="stmt" count="3"/>
      <line num="217" type="stmt" count="3"/>
      <line num="220" type="stmt" count="3"/>
      <line num="221" type="stmt" count="3"/>
      <line num="224" type="stmt" count="3"/>
      <line num="236" type="method" name="created_response" visibility="private" complexity="1" crap="1" count="6"/>
      <line num="237" type="stmt" count="6"/>
      <line num="238" type="stmt" count="6"/>
      <line num="239" type="stmt" count="6"/>
      <line num="240" type="stmt" count="6"/>
      <line num="241" type="stmt" count="6"/>
      <line num="242" type="stmt" count="6"/>
      <line num="243" type="stmt" count="6"/>
      <line num="244" type="stmt" count="6"/>
      <metrics loc="247" ncloc="180" classes="1" methods="6" coveredmethods="2" conditionals="0" coveredconditionals="0" statements="111" coveredstatements="79" elements="117" coveredelements="81"/>
    </file>
    <file name="/shared/httpd/Karkinos-Gateway/htdocs/wp-content/mu-plugins/karkinos-gateway/src/Rest/Settings_Routes.php">
      <class name="Karkinos\Gateway\Rest\Settings_Routes" namespace="global">
        <metrics complexity="5" methods="3" coveredmethods="0" conditionals="0" coveredconditionals="0" statements="26" coveredstatements="0" elements="29" coveredelements="0"/>
      </class>
      <line num="45" type="method" name="define_routes" visibility="protected" complexity="1" crap="2" count="0"/>
      <line num="46" type="stmt" count="0"/>
      <line num="47" type="stmt" count="0"/>
      <line num="48" type="stmt" count="0"/>
      <line num="49" type="stmt" count="0"/>
      <line num="50" type="stmt" count="0"/>
      <line num="51" type="stmt" count="0"/>
      <line num="52" type="stmt" count="0"/>
      <line num="53" type="stmt" count="0"/>
      <line num="54" type="stmt" count="0"/>
      <line num="55" type="stmt" count="0"/>
      <line num="67" type="method" name="check_auth" visibility="public" complexity="1" crap="2" count="0"/>
      <line num="68" type="stmt" count="0"/>
      <line num="81" type="method" name="update_local_server_ip" visibility="public" complexity="2" crap="6" count="0"/>
      <line num="82" type="stmt" count="0"/>
      <line num="84" type="stmt" count="0"/>
      <line num="86" type="stmt" count="0"/>
      <line num="87" type="stmt" count="0"/>
      <line num="88" type="stmt" count="0"/>
      <line num="89" type="stmt" count="0"/>
      <line num="90" type="stmt" count="0"/>
      <line num="91" type="stmt" count="0"/>
      <line num="94" type="stmt" count="0"/>
      <line num="95" type="stmt" count="0"/>
      <line num="96" type="stmt" count="0"/>
      <line num="97" type="stmt" count="0"/>
      <line num="98" type="stmt" count="0"/>
      <line num="99" type="stmt" count="0"/>
      <line num="100" type="stmt" count="0"/>
      <metrics loc="103" ncloc="61" classes="1" methods="3" coveredmethods="0" conditionals="0" coveredconditionals="0" statements="26" coveredstatements="0" elements="29" coveredelements="0"/>
    </file>
    <file name="/shared/httpd/Karkinos-Gateway/htdocs/wp-content/mu-plugins/karkinos-gateway/src/Rest/Webhook_Routes.php">
      <class name="Karkinos\Gateway\Rest\Webhook_Routes" namespace="global">
        <metrics complexity="16" methods="3" coveredmethods="0" conditionals="0" coveredconditionals="0" statements="59" coveredstatements="53" elements="62" coveredelements="53"/>
      </class>
      <line num="42" type="method" name="define_routes" visibility="protected" complexity="1" crap="2" count="0"/>
      <line num="43" type="stmt" count="0"/>
      <line num="44" type="stmt" count="0"/>
      <line num="45" type="stmt" count="0"/>
      <line num="60" type="method" name="handle_github" visibility="public" complexity="9" crap="9" count="6"/>
      <line num="61" type="stmt" count="6"/>
      <line num="62" type="stmt" count="6"/>
      <line num="63" type="stmt" count="6"/>
      <line num="64" type="stmt" count="6"/>
      <line num="66" type="stmt" count="6"/>
      <line num="68" type="stmt" count="6"/>
      <line num="69" type="stmt" count="6"/>
      <line num="70" type="stmt" count="0"/>
      <line num="73" type="stmt" count="6"/>
      <line num="74" type="stmt" count="1"/>
      <line num="75" type="stmt" count="5"/>
      <line num="77" type="stmt" count="6"/>
      <line num="78" type="stmt" count="1"/>
      <line num="79" type="stmt" count="5"/>
      <line num="81" type="stmt" count="6"/>
      <line num="82" type="stmt" count="6"/>
      <line num="83" type="stmt" count="6"/>
      <line num="84" type="stmt" count="6"/>
      <line num="85" type="stmt" count="6"/>
      <line num="86" type="stmt" count="6"/>
      <line num="87" type="stmt" count="6"/>
      <line num="88" type="stmt" count="6"/>
      <line num="89" type="stmt" count="6"/>
      <line num="90" type="stmt" count="6"/>
      <line num="91" type="stmt" count="6"/>
      <line num="93" type="stmt" count="6"/>
      <line num="94" type="stmt" count="4"/>
      <line num="95" type="stmt" count="4"/>
      <line num="96" type="stmt" count="4"/>
      <line num="97" type="stmt" count="4"/>
      <line num="100" type="stmt" count="2"/>
      <line num="101" type="stmt" count="1"/>
      <line num="102" type="stmt" count="1"/>
      <line num="103" type="stmt" count="1"/>
      <line num="104" type="stmt" count="1"/>
      <line num="105" type="stmt" count="1"/>
      <line num="106" type="stmt" count="1"/>
      <line num="107" type="stmt" count="1"/>
      <line num="111" type="stmt" count="1"/>
      <line num="112" type="stmt" count="1"/>
      <line num="113" type="stmt" count="1"/>
      <line num="114" type="stmt" count="1"/>
      <line num="115" type="stmt" count="1"/>
      <line num="116" type="stmt" count="1"/>
      <line num="117" type="stmt" count="1"/>
      <line num="118" type="stmt" count="1"/>
      <line num="119" type="stmt" count="1"/>
      <line num="135" type="method" name="verify_signature" visibility="private" complexity="5" crap="5.27" count="6"/>
      <line num="136" type="stmt" count="6"/>
      <line num="137" type="stmt" count="1"/>
      <line num="140" type="stmt" count="5"/>
      <line num="141" type="stmt" count="0"/>
      <line num="144" type="stmt" count="5"/>
      <line num="145" type="stmt" count="5"/>
      <line num="146" type="stmt" count="0"/>
      <line num="149" type="stmt" count="5"/>
      <line num="151" type="stmt" count="5"/>
      <metrics loc="154" ncloc="105" classes="1" methods="3" coveredmethods="0" conditionals="0" coveredconditionals="0" statements="59" coveredstatements="53" elements="62" coveredelements="53"/>
    </file>
    <file name="/shared/httpd/Karkinos-Gateway/htdocs/wp-content/mu-plugins/karkinos-gateway/src/Settings/Ensure_Settings_Not_Autoloaded.php">
      <class name="Karkinos\Gateway\Settings\Ensure_Settings_Not_Autoloaded" namespace="global">
        <metrics complexity="4" methods="2" coveredmethods="0" conditionals="0" coveredconditionals="0" statements="6" coveredstatements="2" elements="8" coveredelements="2"/>
      </class>
      <line num="41" type="method" name="register" visibility="public" complexity="1" crap="2" count="0"/>
      <line num="42" type="stmt" count="0"/>
      <line num="43" type="stmt" count="0"/>
      <line num="56" type="method" name="flip_autoload" visibility="public" complexity="3" crap="4.12" count="21"/>
      <line num="57" type="stmt" count="21"/>
      <line num="58" type="stmt" count="21"/>
      <line num="61" type="stmt" count="0"/>
      <line num="62" type="stmt" count="0"/>
      <metrics loc="66" ncloc="31" classes="1" methods="2" coveredmethods="0" conditionals="0" coveredconditionals="0" statements="6" coveredstatements="2" elements="8" coveredelements="2"/>
    </file>
    <file name="/shared/httpd/Karkinos-Gateway/htdocs/wp-content/mu-plugins/karkinos-gateway/src/Settings/Gateway_Settings.php">
      <class name="Karkinos\Gateway\Settings\Gateway_Settings" namespace="global">
        <metrics complexity="6" methods="3" coveredmethods="0" conditionals="0" coveredconditionals="0" statements="17" coveredstatements="0" elements="20" coveredelements="0"/>
      </class>
      <line num="37" type="method" name="is_grouped" visibility="protected" complexity="1" crap="2" count="0"/>
      <line num="38" type="stmt" count="0"/>
      <line num="46" type="method" name="group_key" visibility="public" complexity="1" crap="2" count="0"/>
      <line num="47" type="stmt" count="0"/>
      <line num="57" type="method" name="fields" visibility="protected" complexity="4" crap="20" count="0"/>
      <line num="58" type="stmt" count="0"/>
      <line num="59" type="stmt" count="0"/>
      <line num="60" type="stmt" count="0"/>
      <line num="61" type="stmt" count="0"/>
      <line num="62" type="stmt" count="0"/>
      <line num="63" type="stmt" count="0"/>
      <line num="64" type="stmt" count="0"/>
      <line num="65" type="stmt" count="0"/>
      <line num="66" type="stmt" count="0"/>
      <line num="67" type="stmt" count="0"/>
      <line num="68" type="stmt" count="0"/>
      <line num="69" type="stmt" count="0"/>
      <line num="70" type="stmt" count="0"/>
      <line num="71" type="stmt" count="0"/>
      <line num="72" type="stmt" count="0"/>
      <metrics loc="75" ncloc="45" classes="1" methods="3" coveredmethods="0" conditionals="0" coveredconditionals="0" statements="17" coveredstatements="0" elements="20" coveredelements="0"/>
    </file>
    <file name="/shared/httpd/Karkinos-Gateway/htdocs/wp-content/mu-plugins/karkinos-gateway/src/Settings/Gateway_Settings_Page.php">
      <class name="Karkinos\Gateway\Settings\Gateway_Settings_Page" namespace="global">
        <metrics complexity="2" methods="2" coveredmethods="0" conditionals="0" coveredconditionals="0" statements="3" coveredstatements="0" elements="5" coveredelements="0"/>
      </class>
      <line num="38" type="method" name="__construct" visibility="public" complexity="1" crap="2" count="0"/>
      <line num="39" type="stmt" count="0"/>
      <line num="40" type="stmt" count="0"/>
      <line num="55" type="method" name="settings_class_name" visibility="public" complexity="1" crap="2" count="0"/>
      <line num="56" type="stmt" count="0"/>
      <metrics loc="59" ncloc="32" classes="1" methods="2" coveredmethods="0" conditionals="0" coveredconditionals="0" statements="3" coveredstatements="0" elements="5" coveredelements="0"/>
    </file>
    <file name="/shared/httpd/Karkinos-Gateway/htdocs/wp-content/mu-plugins/karkinos-gateway/src/Taxonomy/AI_Log_Tag.php">
      <class name="Karkinos\Gateway\Taxonomy\AI_Log_Tag" namespace="global">
        <metrics complexity="1" methods="1" coveredmethods="0" conditionals="0" coveredconditionals="0" statements="4" coveredstatements="0" elements="5" coveredelements="0"/>
      </class>
      <line num="32" type="method" name="__construct" visibility="public" complexity="1" crap="2" count="0"/>
      <line num="33" type="stmt" count="0"/>
      <line num="34" type="stmt" count="0"/>
      <line num="35" type="stmt" count="0"/>
      <line num="36" type="stmt" count="0"/>
      <metrics loc="39" ncloc="25" classes="1" methods="1" coveredmethods="0" conditionals="0" coveredconditionals="0" statements="4" coveredstatements="0" elements="5" coveredelements="0"/>
    </file>
    <file name="/shared/httpd/Karkinos-Gateway/htdocs/wp-content/mu-plugins/karkinos-gateway/src/Taxonomy/Project.php">
      <class name="Karkinos\Gateway\Taxonomy\Project" namespace="global">
        <metrics complexity="2" methods="2" coveredmethods="0" conditionals="0" coveredconditionals="0" statements="23" coveredstatements="0" elements="25" coveredelements="0"/>
      </class>
      <line num="38" type="method" name="__construct" visibility="public" complexity="1" crap="2" count="0"/>
      <line num="39" type="stmt" count="0"/>
      <line num="40" type="stmt" count="0"/>
      <line num="41" type="stmt" count="0"/>
      <line num="42" type="stmt" count="0"/>
      <line num="43" type="stmt" count="0"/>
      <line num="44" type="stmt" count="0"/>
      <line num="45" type="stmt" count="0"/>
      <line num="55" type="method" name="meta_data" visibility="public" complexity="1" crap="2" count="0"/>
      <line num="56" type="stmt" count="0"/>
      <line num="57" type="stmt" count="0"/>
      <line num="59" type="stmt" count="0"/>
      <line num="60" type="stmt" count="0"/>
      <line num="61" type="stmt" count="0"/>
      <line num="62" type="stmt" count="0"/>
      <line num="63" type="stmt" count="0"/>
      <line num="64" type="stmt" count="0"/>
      <line num="65" type="stmt" count="0"/>
      <line num="66" type="stmt" count="0"/>
      <line num="67" type="stmt" count="0"/>
      <line num="68" type="stmt" count="0"/>
      <line num="69" type="stmt" count="0"/>
      <line num="70" type="stmt" count="0"/>
      <line num="71" type="stmt" count="0"/>
      <line num="73" type="stmt" count="0"/>
      <metrics loc="76" ncloc="52" classes="1" methods="2" coveredmethods="0" conditionals="0" coveredconditionals="0" statements="23" coveredstatements="0" elements="25" coveredelements="0"/>
    </file>
    <metrics files="15" loc="1652" ncloc="1046" classes="15" methods="46" coveredmethods="14" conditionals="0" coveredconditionals="0" statements="484" coveredstatements="276" elements="530" coveredelements="290"/>
  </project>
</coverage>
